11:31:33.361 [main] INFO  br.com.control.ServicoERP - Starting ServicoERP on CTRMOB02-PC with PID 5688 (C:\java\WORKSPACES\API_SERVICOS_GESTAO\api-servicos-erp\rest-erp\target\classes started by rasa.lariguet in C:\java\WORKSPACES\API_SERVICOS_GESTAO\api-servicos-erp\rest-erp) 
11:31:33.751 [main] DEBUG br.com.control.ServicoERP - Running with Spring Boot v1.4.1.RELEASE, Spring v4.3.3.RELEASE 
11:31:33.752 [main] INFO  br.com.control.ServicoERP - The following profiles are active: dev 
11:31:51.347 [main] WARN  br.com.control.ConexaoBanco - ############################################------> DEVcontrol 
11:31:55.644 [main] INFO  br.com.control.ServicoERP - Started ServicoERP in 23.253 seconds (JVM running for 24.452) 
13:42:44.214 [main] INFO  br.com.control.ServicoERP - Starting ServicoERP on CTRMOB02-PC with PID 4952 (C:\java\WORKSPACES\API_SERVICOS_GESTAO\api-servicos-erp\rest-erp\target\classes started by rasa.lariguet in C:\java\WORKSPACES\API_SERVICOS_GESTAO\api-servicos-erp\rest-erp) 
13:42:44.322 [main] DEBUG br.com.control.ServicoERP - Running with Spring Boot v1.4.1.RELEASE, Spring v4.3.3.RELEASE 
13:42:44.322 [main] INFO  br.com.control.ServicoERP - The following profiles are active: dev 
13:43:01.026 [main] WARN  br.com.control.ConexaoBanco - ############################################------> DEVcontrol 
13:43:06.889 [main] INFO  br.com.control.ServicoERP - Started ServicoERP in 23.589 seconds (JVM running for 25.142) 
13:54:40.160 [main] INFO  br.com.control.ServicoERP - Starting ServicoERP on CTRMOB02-PC with PID 5216 (C:\java\WORKSPACES\API_SERVICOS_GESTAO\api-servicos-erp\rest-erp\target\classes started by rasa.lariguet in C:\java\WORKSPACES\API_SERVICOS_GESTAO\api-servicos-erp\rest-erp) 
13:54:40.291 [main] DEBUG br.com.control.ServicoERP - Running with Spring Boot v1.4.1.RELEASE, Spring v4.3.3.RELEASE 
13:54:40.291 [main] INFO  br.com.control.ServicoERP - The following profiles are active: dev 
13:54:57.011 [main] WARN  br.com.control.ConexaoBanco - ############################################------> DEVcontrol 
13:55:01.581 [main] INFO  br.com.control.ServicoERP - Started ServicoERP in 22.521 seconds (JVM running for 23.526) 
14:01:02.207 [main] INFO  br.com.control.ServicoERP - Starting ServicoERP on CTRMOB02-PC with PID 7948 (C:\java\WORKSPACES\API_SERVICOS_GESTAO\api-servicos-erp\rest-erp\target\classes started by rasa.lariguet in C:\java\WORKSPACES\API_SERVICOS_GESTAO\api-servicos-erp\rest-erp) 
14:01:02.462 [main] DEBUG br.com.control.ServicoERP - Running with Spring Boot v1.4.1.RELEASE, Spring v4.3.3.RELEASE 
14:01:02.462 [main] INFO  br.com.control.ServicoERP - The following profiles are active: dev 
14:01:19.542 [main] WARN  br.com.control.ConexaoBanco - ############################################------> DEVcontrol 
14:01:24.316 [main] INFO  br.com.control.ServicoERP - Started ServicoERP in 23.032 seconds (JVM running for 24.18) 
14:08:15.131 [main] INFO  br.com.control.ServicoERP - Starting ServicoERP on CTRMOB02-PC with PID 3076 (C:\java\WORKSPACES\API_SERVICOS_GESTAO\api-servicos-erp\rest-erp\target\classes started by rasa.lariguet in C:\java\WORKSPACES\API_SERVICOS_GESTAO\api-servicos-erp\rest-erp) 
14:08:15.244 [main] DEBUG br.com.control.ServicoERP - Running with Spring Boot v1.4.1.RELEASE, Spring v4.3.3.RELEASE 
14:08:15.245 [main] INFO  br.com.control.ServicoERP - The following profiles are active: dev 
14:08:33.115 [main] WARN  br.com.control.ConexaoBanco - ############################################------> DEVcontrol 
14:08:38.378 [main] INFO  br.com.control.ServicoERP - Started ServicoERP in 24.142 seconds (JVM running for 25.279) 
14:08:45.263 [DefaultMessageListenerContainer-1] DEBUG b.c.c.m.c.PedidoCapaConsumer - ### RECEBIDO O PEDIDO 7 DA FILA PEDIDOS ### 
14:11:46.815 [DefaultMessageListenerContainer-1] DEBUG b.c.c.m.c.PedidoCapaConsumer - ### RECEBIDO O PEDIDO 7 DA FILA PEDIDOS ### 
14:12:13.057 [main] INFO  br.com.control.ServicoERP - Starting ServicoERP on CTRMOB02-PC with PID 6244 (C:\java\WORKSPACES\API_SERVICOS_GESTAO\api-servicos-erp\rest-erp\target\classes started by rasa.lariguet in C:\java\WORKSPACES\API_SERVICOS_GESTAO\api-servicos-erp\rest-erp) 
14:12:13.091 [main] DEBUG br.com.control.ServicoERP - Running with Spring Boot v1.4.1.RELEASE, Spring v4.3.3.RELEASE 
14:12:13.091 [main] INFO  br.com.control.ServicoERP - The following profiles are active: dev 
14:12:30.996 [main] WARN  br.com.control.ConexaoBanco - ############################################------> DEVcontrol 
14:12:36.352 [main] INFO  br.com.control.ServicoERP - Started ServicoERP in 24.602 seconds (JVM running for 26.112) 
17:21:40.492 [DefaultMessageListenerContainer-1] DEBUG b.c.c.m.c.PedidoCapaConsumer - ### RECEBIDO O PEDIDO 7 DA FILA PEDIDOS ### 
17:22:46.715 [DefaultMessageListenerContainer-1] DEBUG b.c.c.m.c.PedidoCapaConsumer - ### RECEBIDO O PEDIDO 7 DA FILA PEDIDOS ### 
17:23:35.322 [main] INFO  br.com.control.ServicoERP - Starting ServicoERP on CTRMOB02-PC with PID 6140 (C:\java\WORKSPACES\API_SERVICOS_GESTAO\api-servicos-erp\rest-erp\target\classes started by rasa.lariguet in C:\java\WORKSPACES\API_SERVICOS_GESTAO\api-servicos-erp\rest-erp) 
17:23:35.972 [main] DEBUG br.com.control.ServicoERP - Running with Spring Boot v1.4.1.RELEASE, Spring v4.3.3.RELEASE 
17:23:35.972 [main] INFO  br.com.control.ServicoERP - The following profiles are active: dev 
17:23:53.355 [main] WARN  br.com.control.ConexaoBanco - ############################################------> DEVcontrol 
17:23:58.516 [main] INFO  br.com.control.ServicoERP - Started ServicoERP in 24.039 seconds (JVM running for 25.001) 
17:24:09.513 [DefaultMessageListenerContainer-1] DEBUG b.c.c.m.c.PedidoCapaConsumer - ### RECEBIDO O PEDIDO 7 DA FILA PEDIDOS ### 
17:25:11.327 [main] INFO  br.com.control.ServicoERP - Starting ServicoERP on CTRMOB02-PC with PID 4292 (C:\java\WORKSPACES\API_SERVICOS_GESTAO\api-servicos-erp\rest-erp\target\classes started by rasa.lariguet in C:\java\WORKSPACES\API_SERVICOS_GESTAO\api-servicos-erp\rest-erp) 
17:25:11.389 [main] DEBUG br.com.control.ServicoERP - Running with Spring Boot v1.4.1.RELEASE, Spring v4.3.3.RELEASE 
17:25:11.390 [main] INFO  br.com.control.ServicoERP - The following profiles are active: dev 
17:25:30.476 [main] WARN  br.com.control.ConexaoBanco - ############################################------> DEVcontrol 
17:25:35.920 [main] INFO  br.com.control.ServicoERP - Started ServicoERP in 25.693 seconds (JVM running for 27.152) 
17:25:39.557 [DefaultMessageListenerContainer-1] DEBUG b.c.c.m.c.PedidoCapaConsumer - ### RECEBIDO O PEDIDO 7 DA FILA PEDIDOS ### 
17:30:35.342 [main] INFO  br.com.control.ServicoERP - Starting ServicoERP on CTRMOB02-PC with PID 6940 (C:\java\WORKSPACES\API_SERVICOS_GESTAO\api-servicos-erp\rest-erp\target\classes started by rasa.lariguet in C:\java\WORKSPACES\API_SERVICOS_GESTAO\api-servicos-erp\rest-erp) 
17:30:35.477 [main] DEBUG br.com.control.ServicoERP - Running with Spring Boot v1.4.1.RELEASE, Spring v4.3.3.RELEASE 
17:30:35.478 [main] INFO  br.com.control.ServicoERP - The following profiles are active: dev 
17:31:21.962 [main] WARN  br.com.control.ConexaoBanco - ############################################------> DEVcontrol 
17:31:29.678 [main] INFO  br.com.control.ServicoERP - Started ServicoERP in 55.079 seconds (JVM running for 56.229) 
17:44:45.504 [DefaultMessageListenerContainer-1] DEBUG b.c.c.m.c.PedidoCapaConsumer - ### RECEBIDO O PEDIDO 8 DA FILA PEDIDOS ### 
17:46:09.029 [DefaultMessageListenerContainer-1] DEBUG b.c.c.m.c.PedidoCapaConsumer - ### RECEBIDO O PEDIDO 8 DA FILA PEDIDOS ### 
17:47:07.491 [main] INFO  br.com.control.ServicoERP - Starting ServicoERP on CTRMOB02-PC with PID 2252 (C:\java\WORKSPACES\API_SERVICOS_GESTAO\api-servicos-erp\rest-erp\target\classes started by rasa.lariguet in C:\java\WORKSPACES\API_SERVICOS_GESTAO\api-servicos-erp\rest-erp) 
17:47:07.595 [main] DEBUG br.com.control.ServicoERP - Running with Spring Boot v1.4.1.RELEASE, Spring v4.3.3.RELEASE 
17:47:07.595 [main] INFO  br.com.control.ServicoERP - The following profiles are active: dev 
17:47:24.053 [main] WARN  br.com.control.ConexaoBanco - ############################################------> DEVcontrol 
17:47:28.628 [main] INFO  br.com.control.ServicoERP - Started ServicoERP in 21.947 seconds (JVM running for 22.816) 
17:47:41.838 [DefaultMessageListenerContainer-1] DEBUG b.c.c.m.c.PedidoCapaConsumer - ### RECEBIDO O PEDIDO 8 DA FILA PEDIDOS ### 
17:48:48.564 [DefaultMessageListenerContainer-1] DEBUG b.c.c.m.c.PedidoCapaConsumer - ### RECEBIDO O PEDIDO 8 DA FILA PEDIDOS ### 
17:52:00.307 [main] INFO  br.com.control.ServicoERP - Starting ServicoERP on CTRMOB02-PC with PID 8160 (C:\java\WORKSPACES\API_SERVICOS_GESTAO\api-servicos-erp\rest-erp\target\classes started by rasa.lariguet in C:\java\WORKSPACES\API_SERVICOS_GESTAO\api-servicos-erp\rest-erp) 
17:52:00.316 [main] DEBUG br.com.control.ServicoERP - Running with Spring Boot v1.4.1.RELEASE, Spring v4.3.3.RELEASE 
17:52:00.316 [main] INFO  br.com.control.ServicoERP - The following profiles are active: dev 
17:52:16.280 [main] WARN  br.com.control.ConexaoBanco - ############################################------> DEVcontrol 
17:52:21.405 [main] INFO  br.com.control.ServicoERP - Started ServicoERP in 22.004 seconds (JVM running for 23.053) 
17:52:23.239 [DefaultMessageListenerContainer-1] DEBUG b.c.c.m.c.PedidoCapaConsumer - ### RECEBIDO O PEDIDO 8 DA FILA PEDIDOS ### 
17:52:32.920 [DefaultMessageListenerContainer-1] DEBUG b.c.c.m.c.PedidoCapaConsumer - ### PEDIDO CAPA : {} ###br.com.control.portal.mensageria.to.PedidoCapaTO@7fd2cc82 
17:54:49.546 [main] INFO  br.com.control.ServicoERP - Starting ServicoERP on CTRMOB02-PC with PID 7380 (C:\java\WORKSPACES\API_SERVICOS_GESTAO\api-servicos-erp\rest-erp\target\classes started by rasa.lariguet in C:\java\WORKSPACES\API_SERVICOS_GESTAO\api-servicos-erp\rest-erp) 
17:54:49.671 [main] DEBUG br.com.control.ServicoERP - Running with Spring Boot v1.4.1.RELEASE, Spring v4.3.3.RELEASE 
17:54:49.671 [main] INFO  br.com.control.ServicoERP - The following profiles are active: dev 
17:55:10.363 [main] WARN  br.com.control.ConexaoBanco - ############################################------> DEVcontrol 
17:55:16.078 [main] INFO  br.com.control.ServicoERP - Started ServicoERP in 27.388 seconds (JVM running for 28.501) 
17:55:18.177 [DefaultMessageListenerContainer-1] DEBUG b.c.c.m.c.PedidoCapaConsumer - ### RECEBIDO O PEDIDO 8 DA FILA PEDIDOS ### 
17:55:22.100 [DefaultMessageListenerContainer-1] DEBUG b.c.c.m.c.PedidoCapaConsumer - ### PEDIDO CAPA : {} ###{"recId":8,"cliente":0,"tipoCobranca":"1","condicaoPagamento":"06","valorDesconto":0.60,"percTaxaFinanc":0.0,"vendedor":"PORTAL","valorLiquido":4,"dataVencimento":0,"dataEmissao":0,"horaEmissao":0,"usuario":"usuario teste","numeroPrePedidoGestao":0,"ativo":null,"dataHoraEmissao":1481571873452,"dataHoraVenciamento":null,"horaVencimento":0,"dataPrimeiraParcela":null,"observacao":"","pedidoAberto":false,"pedidoBloqueado":null,"pedidoTransmitido":false,"percDesconto":15.0,"permiteErpAjustarPedido":false,"qtdeAvulsa":0,"qtdeCaixa":4,"tipoEntrega":0,"valorBonificado":0,"valorBruto":0,"valorFinal":3.40,"valorVerba":0} 
